2025-08-26 WARNING App2 memory leak
2025-08-26 ERROR App2 timeout
2025-08-26 WARNING App2 memory leak
2025-08-26 ERROR App2 timeout
2025-08-26 INFO App2 started
2025-08-26 WARNING High memory usage
2025-08-26 INFO Background job running
2025-08-26 ERROR Disk read failed2025-08-27 23:39:41 WARNING Disk space low
2025-08-27 23:39:47 INFO Service heartbeat OK
2025-08-27 23:39:50 INFO Booting up
2025-08-27 23:39:52 INFO Started successfully
{"timestamp": 1758009894.6502678, "level": "INFO", "message": "User login successful", "user_id": "user10", "service_id": "svc-db", "request_id": "req-8536"}
{"timestamp": 1758009958.158777, "level": "INFO", "message": "Service heartbeat OK", "user_id": "user10", "service_id": "svc-auth", "request_id": "req-2393"}
2025-09-16 13:36:32 WARNING [user8] [svc-api] [req-8041] Thread pool saturation
{"timestamp": 1758009975.414732, "level": "INFO", "message": "Background job running", "user_id": "user9", "service_id": "svc-cache", "request_id": "req-9227"}
{"timestamp": 1758009987.107965, "level": "INFO", "message": "Service heartbeat OK", "user_id": "user2", "service_id": "svc-cache", "request_id": "req-9814"}
{"timestamp": 1758009899.914796, "level": "INFO", "message": "User login successful", "user_id": "user9", "service_id": "svc-auth", "request_id": "req-8191"}
{"timestamp": 1758010013.226775, "level": "INFO", "message": "Service heartbeat OK", "user_id": "user4", "service_id": "svc-api", "request_id": "req-3851"}
2025-09-16 13:36:48 WARNING [user5] [svc-api] [req-8424] Disk space low
2025-09-16 13:35:48 WARNING [user7] [svc-db] [req-6758] Slow response time
{"timestamp": 1758010020.813296, "level": "INFO", "message": "Service heartbeat OK", "user_id": "user3", "service_id": "svc-cache", "request_id": "req-3806"}
{"timestamp": 1758009974.395921, "level": "ERROR", "message": "Crash detected", "user_id": "user7", "service_id": "svc-api", "request_id": "req-2663"}
{"timestamp": 1758010027.106494, "level": "INFO", "message": "Booting up", "user_id": "user9", "service_id": "svc-db", "request_id": "req-9192"}
{"timestamp": 1758009996.625293, "level": "ERROR", "message": "Crash detected", "user_id": "user9", "service_id": "svc-cache", "request_id": "req-9752"}
2025-09-16 13:36:43 ERROR [user5] [svc-api] [req-9498] Disk read failed
2025-09-16 13:35:23 ERROR [user10] [svc-auth] [req-3194] Request timeout
{"timestamp": 1758009981.9221241, "level": "INFO", "message": "Background job running", "user_id": "user4", "service_id": "svc-db", "request_id": "req-6483"}
2025-09-16 13:35:48 INFO [user2] [svc-api] [req-1695] Background job running
{"timestamp": 1758010002.8466718, "level": "INFO", "message": "Booting up", "user_id": "user3", "service_id": "svc-auth", "request_id": "req-3124"}
2025-09-16 13:37:17 INFO [user1] [svc-db] [req-2588] Booting up
{"timestamp": 1758010166.582816, "level": "INFO", "message": "Booting up", "user_id": "user4", "service_id": "svc-auth", "request_id": "req-3463"}
2025-09-16 13:40:15 ERROR [user3] [svc-cache] [req-7203] Database connection failed
{"timestamp": 1758010156.867458, "level": "INFO", "message": "Background job running", "user_id": "user8", "service_id": "svc-auth", "request_id": "req-7803"}
{"timestamp": 1758010232.180022, "level": "INFO", "message": "Background job running", "user_id": "user9", "service_id": "svc-api", "request_id": "req-6949"}
{"timestamp": 1758010218.136275, "level": "WARNING", "message": "Slow response time", "user_id": "user3", "service_id": "svc-auth", "request_id": "req-8428"}
{"timestamp": 1758010214.893253, "level": "INFO", "message": "User login successful", "user_id": "user6", "service_id": "svc-cache", "request_id": "req-8648"}
{"timestamp": 1758010226.87403, "level": "INFO", "message": "Background job running", "user_id": "user10", "service_id": "svc-cache", "request_id": "req-2663"}
2025-09-16 13:39:41 WARNING [user3] [svc-db] [req-2984] Thread pool saturation
{"timestamp": 1758010169.4552, "level": "INFO", "message": "Booting up", "user_id": "user9", "service_id": "svc-auth", "request_id": "req-9895"}
2025-09-16 13:39:46 ERROR [user8] [svc-db] [req-6570] Request timeout
{"timestamp": 1758010240.474725, "level": "ERROR", "message": "Disk read failed", "user_id": "user2", "service_id": "svc-cache", "request_id": "req-7663"}
2025-09-16 13:40:04 ERROR [user5] [svc-auth] [req-7425] Cache miss
{"timestamp": 1758010233.0018802, "level": "INFO", "message": "User login successful", "user_id": "user5", "service_id": "svc-db", "request_id": "req-6113"}
2025-09-16 13:40:25 ERROR [user7] [svc-cache] [req-5922] Cache miss
{"timestamp": 1758010207.6301382, "level": "ERROR", "message": "Timeout", "user_id": "user1", "service_id": "svc-cache", "request_id": "req-5535"}
2025-09-16 13:41:35 INFO [user6] [svc-auth] [req-9531] Background job running
2025-09-16 13:51:25 WARNING [user3] [svc-db] [req-5618] High memory usage
2025-09-16 13:50:39 ERROR [user3] [svc-auth] [req-2889] Cache miss
{"timestamp": 1758010918.59785, "level": "CRITICAL", "message": "Kernel panic", "user_id": "user7", "service_id": "svc-cache", "request_id": "req-3632"}
{"timestamp": 1758010836.543912, "level": "INFO", "message": "User login successful", "user_id": "user5", "service_id": "svc-cache", "request_id": "req-2978"}
2025-09-16 13:52:11 INFO [user4] [svc-cache] [req-6902] User login successful
2025-09-16 13:56:59 INFO [user2] [svc-db] [req-6873] Service heartbeat OK
{"timestamp": 1758011127.698903, "level": "WARNING", "message": "Slow response time", "user_id": "user3", "service_id": "svc-cache", "request_id": "req-3695"}
{"timestamp": 1758011138.496508, "level": "WARNING", "message": "Slow response time", "user_id": "user2", "service_id": "svc-auth", "request_id": "req-9882"}
{"timestamp": 1758011150.4935281, "level": "ERROR", "message": "Disk read failed", "user_id": "user2", "service_id": "svc-auth", "request_id": "req-3253"}
2025-09-16 13:55:24 INFO [user7] [svc-auth] [req-8281] Booting up
{"timestamp": 1758011214.888406, "level": "ERROR", "message": "Cache miss", "user_id": "user5", "service_id": "svc-cache", "request_id": "req-4505"}
{"timestamp": 1758011138.9097412, "level": "ERROR", "message": "Cache miss", "user_id": "user2", "service_id": "svc-cache", "request_id": "req-5524"}
2025-09-16 13:56:14 ERROR [user2] [svc-auth] [req-9795] Request timeout
{"timestamp": 1758011248.109526, "level": "INFO", "message": "Booting up", "user_id": "user2", "service_id": "svc-api", "request_id": "req-1397"}
2025-09-16 13:57:15 INFO [user6] [svc-auth] [req-1144] Started successfully
2025-09-16 13:57:24 INFO [user10] [svc-auth] [req-3291] Started successfully
{"timestamp": 1758011196.040471, "level": "INFO", "message": "User login successful", "user_id": "user7", "service_id": "svc-db", "request_id": "req-7959"}
2025-09-16 13:57:17 INFO [user9] [svc-db] [req-6418] Started successfully
{"timestamp": 1758011186.3832572, "level": "INFO", "message": "Service heartbeat OK", "user_id": "user2", "service_id": "svc-cache", "request_id": "req-5573"}
{"timestamp": 1758011228.876796, "level": "WARNING", "message": "Thread pool saturation", "user_id": "user3", "service_id": "svc-auth", "request_id": "req-4302"}
2025-09-16 13:57:14 INFO [user1] [svc-db] [req-3387] User login successful
{"timestamp": 1758011270.422287, "level": "INFO", "message": "User login successful", "user_id": "user7", "service_id": "svc-db", "request_id": "req-3873"}
2025-09-16 13:56:52 INFO [user10] [svc-api] [req-2066] Service heartbeat OK
{"timestamp": 1758011197.0440488, "level": "INFO", "message": "User login successful", "user_id": "user6", "service_id": "svc-db", "request_id": "req-9033"}
{"timestamp": 1758011275.852535, "level": "INFO", "message": "Service heartbeat OK", "user_id": "user7", "service_id": "svc-db", "request_id": "req-2351"}
2025-09-16 13:56:31 ERROR [user2] [svc-api] [req-4611] Database connection failed
2025-09-16 13:56:57 CRITICAL [user7] [svc-api] [req-4057] System halt required
{"timestamp": 1758011312.914571, "level": "ERROR", "message": "Timeout", "user_id": "user7", "service_id": "svc-api", "request_id": "req-1931"}
2025-09-16 13:58:21 ERROR [user10] [svc-db] [req-1088] Request timeout
2025-09-16 13:57:00 CRITICAL [user1] [svc-db] [req-8288] System halt required
{"timestamp": 1758011244.1759, "level": "ERROR", "message": "Request timeout", "user_id": "user9", "service_id": "svc-api", "request_id": "req-3918"}
2025-09-16 13:57:30 INFO [user2] [svc-auth] [req-4536] Service heartbeat OK
{"timestamp": 1758011287.961626, "level": "INFO", "message": "Service heartbeat OK", "user_id": "user1", "service_id": "svc-cache", "request_id": "req-6956"}
{"timestamp": 1758011230.464158, "level": "ERROR", "message": "Timeout", "user_id": "user6", "service_id": "svc-cache", "request_id": "req-2860"}
2025-09-16 13:57:11 ERROR [user4] [svc-cache] [req-4404] Disk read failed
2025-09-16 13:57:04 CRITICAL [user6] [svc-auth] [req-1514] Fatal memory leak
{"timestamp": 1758011224.889707, "level": "ERROR", "message": "Timeout", "user_id": "user8", "service_id": "svc-db", "request_id": "req-6772"}
2025-09-16 13:58:47 INFO [user10] [svc-db] [req-9367] User login successful
2025-09-16 13:58:38 ERROR [user1] [svc-auth] [req-7070] Crash detected
2025-09-16 13:57:25 WARNING [user2] [svc-api] [req-8343] Disk space low
{"timestamp": 1758011245.43018, "level": "INFO", "message": "Service heartbeat OK", "user_id": "user3", "service_id": "svc-auth", "request_id": "req-9258"}
{"timestamp": 1758011250.1223218, "level": "WARNING", "message": "Thread pool saturation", "user_id": "user6", "service_id": "svc-api", "request_id": "req-2992"}
{"timestamp": 1758011314.397557, "level": "INFO", "message": "Service heartbeat OK", "user_id": "user2", "service_id": "svc-api", "request_id": "req-3507"}
{"timestamp": 1758011307.965678, "level": "INFO", "message": "Booting up", "user_id": "user4", "service_id": "svc-auth", "request_id": "req-1745"}
2025-09-16 13:57:19 CRITICAL [user2] [svc-api] [req-2690] Data corruption detected
2025-09-16 13:57:57 ERROR [user5] [svc-api] [req-1676] Timeout
2025-09-16 13:59:07 ERROR [user3] [svc-db] [req-9924] Timeout
{"timestamp": 1758011343.447888, "level": "INFO", "message": "Background job running", "user_id": "user7", "service_id": "svc-api", "request_id": "req-2042"}
2025-09-16 13:58:26 WARNING [user9] [svc-cache] [req-6426] High memory usage
{"timestamp": 1758011352.038976, "level": "INFO", "message": "Booting up", "user_id": "user2", "service_id": "svc-cache", "request_id": "req-6041"}
2025-09-16 13:59:27 INFO [user7] [svc-auth] [req-8066] Started successfully
{"timestamp": 1758011328.313607, "level": "WARNING", "message": "High memory usage", "user_id": "user5", "service_id": "svc-cache", "request_id": "req-8057"}
2025-09-16 13:58:08 INFO [user7] [svc-db] [req-3818] Service heartbeat OK
{"timestamp": 1758011496.664164, "level": "INFO", "message": "Booting up", "user_id": "user1", "service_id": "svc-cache", "request_id": "req-7644"}
{"timestamp": 1758011497.0134258, "level": "ERROR", "message": "Database connection failed", "user_id": "user8", "service_id": "svc-api", "request_id": "req-7118"}
2025-09-16 14:01:42 ERROR [user5] [svc-api] [req-4402] Database connection failed
{"timestamp": 1758011579.513509, "level": "ERROR", "message": "Database connection failed", "user_id": "user3", "service_id": "svc-db", "request_id": "req-2726"}
2025-09-16 14:01:34 INFO [user2] [svc-cache] [req-8753] Background job running
2025-09-16 14:02:47 ERROR [user9] [svc-cache] [req-5853] Database connection failed
2025-09-16 14:03:14 INFO [user10] [svc-auth] [req-7927] Background job running
